# JRE version: OpenJDK Runtime Environment Temurin-21.0.3+9 (21.0.3+9) (build 21.0.3+9-LTS)
# Java VM: OpenJDK 64-Bit Server VM Temurin-21.0.3+9 (21.0.3+9-LTS, mixed mode, emulated-client, tiered, compressed oops, compressed class ptrs, g1 gc, windows-amd64)
GC Precious Log:
 CardTable entry size: 512
 Card Set container configuration: InlinePtr #cards 4 size 8 Array Of Cards #cards 16 size 48 Howl #buckets 8 coarsen threshold 3686 Howl Bitmap #cards 512 size 80 coarsen threshold 460 Card regions per heap region 1 cards per card region 4096
 CPUs: 8 total, 8 available
 Memory: 16102M
 Large Page Support: Disabled
 NUMA Support: Disabled
 Compressed Oops: Enabled (Zero based)
 Heap Region Size: 2M
 Heap Min Capacity: 8M
 Heap Initial Capacity: 252M
 Heap Max Capacity: 4026M
 Pre-touch: Disabled
 Parallel Workers: 8
 Concurrent Workers: 2
 Concurrent Refinement Workers: 8
 Periodic GC: Disabled
Heap:
 garbage-first heap   total 90112K, used 57458K [0x0000000704600000, 0x0000000800000000)
  region size 2048K, 16 young (32768K), 2 survivors (4096K)
 Metaspace       used 81088K, committed 81856K, reserved 1179648K
  class space    used 10671K, committed 11008K, reserved 1048576K
GC Heap History (20 events):
Event: 7.199 GC heap before
{Heap before GC invocations=17 (full 0):
 garbage-first heap   total 83968K, used 69363K [0x0000000704600000, 0x0000000800000000)
  region size 2048K, 24 young (49152K), 2 survivors (4096K)
 Metaspace       used 64150K, committed 64832K, reserved 1114112K
  class space    used 8046K, committed 8320K, reserved 1048576K
}
Event: 7.203 GC heap after
{Heap after GC invocations=18 (full 0):
 garbage-first heap   total 102400K, used 25365K [0x0000000704600000, 0x0000000800000000)
  region size 2048K, 2 young (4096K), 2 survivors (4096K)
 Metaspace       used 64150K, committed 64832K, reserved 1114112K
  class space    used 8046K, committed 8320K, reserved 1048576K
}
Event: 7.610 GC heap before
{Heap before GC invocations=18 (full 0):
 garbage-first heap   total 102400K, used 80661K [0x0000000704600000, 0x0000000800000000)
  region size 2048K, 30 young (61440K), 2 survivors (4096K)
 Metaspace       used 70125K, committed 70784K, reserved 1114112K
  class space    used 9123K, committed 9408K, reserved 1048576K
}
Event: 7.614 GC heap after
{Heap after GC invocations=19 (full 0):
 garbage-first heap   total 102400K, used 25593K [0x0000000704600000, 0x0000000800000000)
  region size 2048K, 3 young (6144K), 3 survivors (6144K)
 Metaspace       used 70125K, committed 70784K, reserved 1114112K
  class space    used 9123K, committed 9408K, reserved 1048576K
}
Event: 11.745 GC heap before
{Heap before GC invocations=19 (full 0):
 garbage-first heap   total 102400K, used 80889K [0x0000000704600000, 0x0000000800000000)
  region size 2048K, 30 young (61440K), 3 survivors (6144K)
 Metaspace       used 75074K, committed 75776K, reserved 1179648K
  class space    used 9795K, committed 10112K, reserved 1048576K
}
Event: 11.749 GC heap after
{Heap after GC invocations=20 (full 0):
 garbage-first heap   total 102400K, used 27664K [0x0000000704600000, 0x0000000800000000)
  region size 2048K, 3 young (6144K), 3 survivors (6144K)
 Metaspace       used 75074K, committed 75776K, reserved 1179648K
  class space    used 9795K, committed 10112K, reserved 1048576K
}
Event: 12.140 GC heap before
{Heap before GC invocations=20 (full 0):
 garbage-first heap   total 102400K, used 82960K [0x0000000704600000, 0x0000000800000000)
  region size 2048K, 30 young (61440K), 3 survivors (6144K)
 Metaspace       used 77980K, committed 78656K, reserved 1179648K
  class space    used 10225K, committed 10560K, reserved 1048576K
}
Event: 12.145 GC heap after
{Heap after GC invocations=21 (full 0):
 garbage-first heap   total 102400K, used 30596K [0x0000000704600000, 0x0000000800000000)
  region size 2048K, 4 young (8192K), 4 survivors (8192K)
 Metaspace       used 77980K, committed 78656K, reserved 1179648K
  class space    used 10225K, committed 10560K, reserved 1048576K
}
Event: 80.622 GC heap before
{Heap before GC invocations=21 (full 0):
 garbage-first heap   total 102400K, used 71556K [0x0000000704600000, 0x0000000800000000)
  region size 2048K, 25 young (51200K), 4 survivors (8192K)
 Metaspace       used 80174K, committed 80960K, reserved 1179648K
  class space    used 10540K, committed 10880K, reserved 1048576K
}
Event: 80.637 GC heap after
{Heap after GC invocations=22 (full 0):
 garbage-first heap   total 102400K, used 32780K [0x0000000704600000, 0x0000000800000000)
  region size 2048K, 3 young (6144K), 3 survivors (6144K)
 Metaspace       used 80174K, committed 80960K, reserved 1179648K
  class space    used 10540K, committed 10880K, reserved 1048576K
}
Event: 330.331 GC heap before
{Heap before GC invocations=23 (full 0):
 garbage-first heap   total 102400K, used 63500K [0x0000000704600000, 0x0000000800000000)
  region size 2048K, 20 young (40960K), 3 survivors (6144K)
 Metaspace       used 80087K, committed 80960K, reserved 1179648K
  class space    used 10522K, committed 10880K, reserved 1048576K
}
Event: 330.384 GC heap after
{Heap after GC invocations=24 (full 1):
 garbage-first heap   total 90112K, used 22813K [0x0000000704600000, 0x0000000800000000)
  region size 2048K, 0 young (0K), 0 survivors (0K)
 Metaspace       used 79982K, committed 80960K, reserved 1179648K
  class space    used 10495K, committed 10880K, reserved 1048576K
}
Event: 333.707 GC heap before
{Heap before GC invocations=24 (full 1):
 garbage-first heap   total 90112K, used 74013K [0x0000000704600000, 0x0000000800000000)
  region size 2048K, 26 young (53248K), 0 survivors (0K)
 Metaspace       used 80207K, committed 80960K, reserved 1179648K
  class space    used 10546K, committed 10880K, reserved 1048576K
}
Event: 333.713 GC heap after
{Heap after GC invocations=25 (full 1):
 garbage-first heap   total 90112K, used 27726K [0x0000000704600000, 0x0000000800000000)
  region size 2048K, 3 young (6144K), 3 survivors (6144K)
 Metaspace       used 80207K, committed 80960K, reserved 1179648K
  class space    used 10546K, committed 10880K, reserved 1048576K
}
Event: 336.590 GC heap before
{Heap before GC invocations=26 (full 1):
 garbage-first heap   total 90112K, used 72782K [0x0000000704600000, 0x0000000800000000)
  region size 2048K, 25 young (51200K), 3 survivors (6144K)
 Metaspace       used 80569K, committed 81216K, reserved 1179648K
  class space    used 10594K, committed 10880K, reserved 1048576K
}
Event: 336.594 GC heap after
{Heap after GC invocations=27 (full 1):
 garbage-first heap   total 90112K, used 31740K [0x0000000704600000, 0x0000000800000000)
  region size 2048K, 3 young (6144K), 3 survivors (6144K)
 Metaspace       used 80569K, committed 81216K, reserved 1179648K
  class space    used 10594K, committed 10880K, reserved 1048576K
}
Event: 449.467 GC heap before
{Heap before GC invocations=27 (full 1):
 garbage-first heap   total 90112K, used 60412K [0x0000000704600000, 0x0000000800000000)
  region size 2048K, 18 young (36864K), 3 survivors (6144K)
 Metaspace       used 80741K, committed 81472K, reserved 1179648K
  class space    used 10637K, committed 10944K, reserved 1048576K
}
Event: 449.521 GC heap after
{Heap after GC invocations=28 (full 2):
 garbage-first heap   total 90112K, used 27521K [0x0000000704600000, 0x0000000800000000)
  region size 2048K, 0 young (0K), 0 survivors (0K)
 Metaspace       used 80741K, committed 81472K, reserved 1179648K
  class space    used 10637K, committed 10944K, reserved 1048576K
}
Event: 449.896 GC heap before
{Heap before GC invocations=28 (full 2):
 garbage-first heap   total 90112K, used 74625K [0x0000000704600000, 0x0000000800000000)
  region size 2048K, 23 young (47104K), 0 survivors (0K)
 Metaspace       used 80808K, committed 81536K, reserved 1179648K
  class space    used 10647K, committed 10944K, reserved 1048576K
}
Event: 449.899 GC heap after
{Heap after GC invocations=29 (full 2):
 garbage-first heap   total 90112K, used 30834K [0x0000000704600000, 0x0000000800000000)
  region size 2048K, 2 young (4096K), 2 survivors (4096K)
 Metaspace       used 80808K, committed 81536K, reserved 1179648K
  class space    used 10647K, committed 10944K, reserved 1048576K
}

