# JRE version: OpenJDK Runtime Environment Temurin-21.0.3+9 (21.0.3+9) (build 21.0.3+9-LTS)
# Java VM: OpenJDK 64-Bit Server VM Temurin-21.0.3+9 (21.0.3+9-LTS, mixed mode, emulated-client, tiered, compressed oops, compressed class ptrs, g1 gc, windows-amd64)
GC Precious Log:
 CardTable entry size: 512
 Card Set container configuration: InlinePtr #cards 4 size 8 Array Of Cards #cards 16 size 48 Howl #buckets 8 coarsen threshold 3686 Howl Bitmap #cards 512 size 80 coarsen threshold 460 Card regions per heap region 1 cards per card region 4096
 CPUs: 8 total, 8 available
 Memory: 16102M
 Large Page Support: Disabled
 NUMA Support: Disabled
 Compressed Oops: Enabled (Zero based)
 Heap Region Size: 2M
 Heap Min Capacity: 8M
 Heap Initial Capacity: 252M
 Heap Max Capacity: 4026M
 Pre-touch: Disabled
 Parallel Workers: 8
 Concurrent Workers: 2
 Concurrent Refinement Workers: 8
 Periodic GC: Disabled
Heap:
 garbage-first heap   total 102400K, used 41946K [0x0000000704600000, 0x0000000800000000)
  region size 2048K, 9 young (18432K), 3 survivors (6144K)
 Metaspace       used 91381K, committed 92096K, reserved 1179648K
  class space    used 11755K, committed 12096K, reserved 1048576K
GC Heap History (20 events):
Event: 7.307 GC heap before
{Heap before GC invocations=16 (full 0):
 garbage-first heap   total 96256K, used 71410K [0x0000000704600000, 0x0000000800000000)
  region size 2048K, 28 young (57344K), 5 survivors (10240K)
 Metaspace       used 64562K, committed 65216K, reserved 1114112K
  class space    used 8235K, committed 8512K, reserved 1048576K
}
Event: 7.313 GC heap after
{Heap after GC invocations=17 (full 0):
 garbage-first heap   total 96256K, used 25180K [0x0000000704600000, 0x0000000800000000)
  region size 2048K, 2 young (4096K), 2 survivors (4096K)
 Metaspace       used 64562K, committed 65216K, reserved 1114112K
  class space    used 8235K, committed 8512K, reserved 1048576K
}
Event: 7.691 GC heap before
{Heap before GC invocations=17 (full 0):
 garbage-first heap   total 96256K, used 76380K [0x0000000704600000, 0x0000000800000000)
  region size 2048K, 28 young (57344K), 2 survivors (4096K)
 Metaspace       used 69891K, committed 70592K, reserved 1114112K
  class space    used 9091K, committed 9408K, reserved 1048576K
}
Event: 7.695 GC heap after
{Heap after GC invocations=18 (full 0):
 garbage-first heap   total 96256K, used 26249K [0x0000000704600000, 0x0000000800000000)
  region size 2048K, 3 young (6144K), 3 survivors (6144K)
 Metaspace       used 69891K, committed 70592K, reserved 1114112K
  class space    used 9091K, committed 9408K, reserved 1048576K
}
Event: 10.803 GC heap before
{Heap before GC invocations=18 (full 0):
 garbage-first heap   total 96256K, used 75401K [0x0000000704600000, 0x0000000800000000)
  region size 2048K, 28 young (57344K), 3 survivors (6144K)
 Metaspace       used 74411K, committed 75200K, reserved 1114112K
  class space    used 9713K, committed 10048K, reserved 1048576K
}
Event: 10.808 GC heap after
{Heap after GC invocations=19 (full 0):
 garbage-first heap   total 96256K, used 28054K [0x0000000704600000, 0x0000000800000000)
  region size 2048K, 3 young (6144K), 3 survivors (6144K)
 Metaspace       used 74411K, committed 75200K, reserved 1114112K
  class space    used 9713K, committed 10048K, reserved 1048576K
}
Event: 11.215 GC heap before
{Heap before GC invocations=19 (full 0):
 garbage-first heap   total 96256K, used 79254K [0x0000000704600000, 0x0000000800000000)
  region size 2048K, 28 young (57344K), 3 survivors (6144K)
 Metaspace       used 77915K, committed 78656K, reserved 1179648K
  class space    used 10224K, committed 10560K, reserved 1048576K
}
Event: 11.220 GC heap after
{Heap after GC invocations=20 (full 0):
 garbage-first heap   total 96256K, used 31253K [0x0000000704600000, 0x0000000800000000)
  region size 2048K, 4 young (8192K), 4 survivors (8192K)
 Metaspace       used 77915K, committed 78656K, reserved 1179648K
  class space    used 10224K, committed 10560K, reserved 1048576K
}
Event: 16.449 GC heap before
{Heap before GC invocations=20 (full 0):
 garbage-first heap   total 96256K, used 78357K [0x0000000704600000, 0x0000000800000000)
  region size 2048K, 28 young (57344K), 4 survivors (8192K)
 Metaspace       used 81410K, committed 82112K, reserved 1179648K
  class space    used 10639K, committed 10944K, reserved 1048576K
}
Event: 16.456 GC heap after
{Heap after GC invocations=21 (full 0):
 garbage-first heap   total 96256K, used 33643K [0x0000000704600000, 0x0000000800000000)
  region size 2048K, 3 young (6144K), 3 survivors (6144K)
 Metaspace       used 81410K, committed 82112K, reserved 1179648K
  class space    used 10639K, committed 10944K, reserved 1048576K
}
Event: 16.784 GC heap before
{Heap before GC invocations=21 (full 0):
 garbage-first heap   total 96256K, used 80747K [0x0000000704600000, 0x0000000800000000)
  region size 2048K, 27 young (55296K), 3 survivors (6144K)
 Metaspace       used 85847K, committed 86592K, reserved 1179648K
  class space    used 11003K, committed 11328K, reserved 1048576K
}
Event: 16.788 GC heap after
{Heap after GC invocations=22 (full 0):
 garbage-first heap   total 96256K, used 34416K [0x0000000704600000, 0x0000000800000000)
  region size 2048K, 2 young (4096K), 2 survivors (4096K)
 Metaspace       used 85847K, committed 86592K, reserved 1179648K
  class space    used 11003K, committed 11328K, reserved 1048576K
}
Event: 54.679 GC heap before
{Heap before GC invocations=22 (full 0):
 garbage-first heap   total 96256K, used 83568K [0x0000000704600000, 0x0000000800000000)
  region size 2048K, 27 young (55296K), 2 survivors (4096K)
 Metaspace       used 89641K, committed 90496K, reserved 1179648K
  class space    used 11467K, committed 11840K, reserved 1048576K
}
Event: 54.686 GC heap after
{Heap after GC invocations=23 (full 0):
 garbage-first heap   total 116736K, used 35287K [0x0000000704600000, 0x0000000800000000)
  region size 2048K, 3 young (6144K), 3 survivors (6144K)
 Metaspace       used 89641K, committed 90496K, reserved 1179648K
  class space    used 11467K, committed 11840K, reserved 1048576K
}
Event: 441.985 GC heap before
{Heap before GC invocations=23 (full 0):
 garbage-first heap   total 116736K, used 74199K [0x0000000704600000, 0x0000000800000000)
  region size 2048K, 24 young (49152K), 3 survivors (6144K)
 Metaspace       used 91116K, committed 91968K, reserved 1179648K
  class space    used 11698K, committed 12096K, reserved 1048576K
}
Event: 441.990 GC heap after
{Heap after GC invocations=24 (full 0):
 garbage-first heap   total 116736K, used 36476K [0x0000000704600000, 0x0000000800000000)
  region size 2048K, 3 young (6144K), 3 survivors (6144K)
 Metaspace       used 91116K, committed 91968K, reserved 1179648K
  class space    used 11698K, committed 12096K, reserved 1048576K
}
Event: 718.461 GC heap before
{Heap before GC invocations=25 (full 0):
 garbage-first heap   total 116736K, used 67196K [0x0000000704600000, 0x0000000800000000)
  region size 2048K, 20 young (40960K), 3 survivors (6144K)
 Metaspace       used 91150K, committed 91968K, reserved 1179648K
  class space    used 11724K, committed 12096K, reserved 1048576K
}
Event: 718.523 GC heap after
{Heap after GC invocations=26 (full 1):
 garbage-first heap   total 102400K, used 25752K [0x0000000704600000, 0x0000000800000000)
  region size 2048K, 0 young (0K), 0 survivors (0K)
 Metaspace       used 91004K, committed 91968K, reserved 1179648K
  class space    used 11696K, committed 12096K, reserved 1048576K
}
Event: 724.614 GC heap before
{Heap before GC invocations=26 (full 1):
 garbage-first heap   total 102400K, used 85144K [0x0000000704600000, 0x0000000800000000)
  region size 2048K, 30 young (61440K), 0 survivors (0K)
 Metaspace       used 91306K, committed 91968K, reserved 1179648K
  class space    used 11759K, committed 12096K, reserved 1048576K
}
Event: 724.621 GC heap after
{Heap after GC invocations=27 (full 1):
 garbage-first heap   total 102400K, used 31706K [0x0000000704600000, 0x0000000800000000)
  region size 2048K, 3 young (6144K), 3 survivors (6144K)
 Metaspace       used 91306K, committed 91968K, reserved 1179648K
  class space    used 11759K, committed 12096K, reserved 1048576K
}

